#
# A fatal error has been detected by the Java Runtime Environment:
#
#  SIGFPE (0x8) at pc=0x00000001116d3868, pid=24202, tid=0x0000000000001903
#
# JRE version: Java(TM) SE Runtime Environment (8.0_202-b08) (build 1.8.0_202-b08)
# Java VM: Java HotSpot(TM) 64-Bit Server VM (25.202-b08 mixed mode bsd-amd64 compressed oops)
# Problematic frame:
# j  com.TDDFrameowk.TestNGBasics.TestNGFeatures.loginTest()V+5
#
# Failed to write core dump. Core dumps have been disabled. To enable core dumping, try "ulimit -c unlimited" before starting Java again
#
# If you would like to submit a bug report, please visit:
#   http://bugreport.java.com/bugreport/crash.jsp
#

---------------  T H R E A D  ---------------

Current thread (0x00007f9a0c00a800):  JavaThread "main" [_thread_in_Java, id=6403, stack(0x000000030a180000,0x000000030a280000)]

siginfo: si_signo: 8 (SIGFPE), si_code: 5 (FPE_FLTINV), si_addr: 0x00000001116d3868

Registers:
RAX=0x0000000000000009, RBX=0x000000000000006c, RCX=0x0000000000000000, RDX=0x0000000000000000
RSP=0x000000030a27e520, RBP=0x000000030a27e560, RSI=0x000000030a27e4b0, RDI=0x00000001116bf2bd
R8 =0x000000000000000a, R9 =0x0000000797646290, R10=0x000000011010a160, R11=0x000000030a27e0a8
R12=0x0000000000000000, R13=0x0000000127dfdcbb, R14=0x000000030a27e578, R15=0x00007f9a0c00a800
RIP=0x00000001116d3868, EFLAGS=0x0000000000000a87, ERR=0x0000000000000000
  TRAPNO=0x0000000000000000

Top of Stack: (sp=0x000000030a27e520)
0x000000030a27e520:   000000030a27e520 0000000127dfdcb5
0x000000030a27e530:   000000030a27e578 00000001280a1220
0x000000030a27e540:   0000000000000000 0000000127dfdce8
0x000000030a27e550:   0000000000000000 000000030a27e578
0x000000030a27e560:   000000030a27e5e0 00000001116b77a7
0x000000030a27e570:   0000000000000000 0000000797865328
0x000000030a27e580:   0000000100001fa0 000000000000000a
0x000000030a27e590:   00007f9a0c00a800 0000000000000001
0x000000030a27e5a0:   00000001116b771f 0000000127dfdce8
0x000000030a27e5b0:   000000030a27e678 000000030a27e9d0
0x000000030a27e5c0:   000000010000000a 0000000127dfdce8
0x000000030a27e5d0:   00000001116ca600 000000030a27e9e0
0x000000030a27e5e0:   000000030a27e790 000000010faf0d1e
0x000000030a27e5f0:   0000000300000001 00007f9a0c00a800
0x000000030a27e600:   00000007c0186da0 000000030a27e9d0
0x000000030a27e610:   00007f9a0b605c78 00000001116ca600
0x000000030a27e620:   000000030a27e6a0 000000030a27e9d8
0x000000030a27e630:   000000030a27e9c8 00007f9a0c00a800
0x000000030a27e640:   00007f9a0c00a800 00007f9a0b605c20
0x000000030a27e650:   00007f9a0b605c60 00007f9a0b605c90
0x000000030a27e660:   00007f9a0b605d48 00000000000000d8
0x000000030a27e670:   000000030a27fad0 00007f9a0c00a800
0x000000030a27e680:   00007f9a0b417190 0000000127dfdce8
0x000000030a27e690:   0000000797865328 000000030a27ec50
0x000000030a27e6a0:   00000001116cf09b 000000030a27ecb0
0x000000030a27e6b0:   000000030a27e9c8 000000010fbcdd14
0x000000030a27e6c0:   000000010c00a800 0000000127dfdce8
0x000000030a27e6d0:   00007f9a0c00a800 00007f9a10034a80
0x000000030a27e6e0:   00007f9a10047640 00007f9a10034350
0x000000030a27e6f0:   00007f9a10034410 0000000127dfdce8
0x000000030a27e700:   00007f9a0c00a800 000000010fbcc23b
0x000000030a27e710:   00000007c0186da0 0000000127dfdce8 

Instructions: (pc=0x00000001116d3868)
0x00000001116d3848:   c8 8b 04 24 48 83 c4 08 81 f8 00 00 00 80 0f 85
0x00000001116d3858:   0b 00 00 00 33 d2 83 f9 ff 0f 84 03 00 00 00 99
0x00000001116d3868:   f7 f9 41 0f b6 5d 01 49 ff c5 49 ba 60 a1 10 10
0x00000001116d3878:   01 00 00 00 41 ff 24 da 80 00 00 00 00 00 00 00 

Register to memory mapping:

RAX=0x0000000000000009 is an unknown value
RBX=0x000000000000006c is an unknown value
RCX=0x0000000000000000 is an unknown value
RDX=0x0000000000000000 is an unknown value
RSP=0x000000030a27e520 is pointing into the stack for thread: 0x00007f9a0c00a800
RBP=0x000000030a27e560 is pointing into the stack for thread: 0x00007f9a0c00a800
RSI=0x000000030a27e4b0 is pointing into the stack for thread: 0x00007f9a0c00a800
RDI=0x00000001116bf2bd is at code_begin+2301 in an Interpreter codelet
invoke return entry points  [0x00000001116be9c0, 0x00000001116bf3a0]  2528 bytes
R8 =0x000000000000000a is an unknown value
R9 =0x0000000797646290 is an oop
java.io.FileDescriptor 
 - klass: 'java/io/FileDescriptor'
R10=0x000000011010a160: _ZN19TemplateInterpreter13_active_tableE+0x2000 in /Library/Internet Plug-Ins/JavaAppletPlugin.plugin/Contents/Home/lib/server/libjvm.dylib at 0x000000010f800000
R11=0x000000030a27e0a8 is pointing into the stack for thread: 0x00007f9a0c00a800
R12=0x0000000000000000 is an unknown value
R13=0x0000000127dfdcbb is pointing into metadata
R14=0x000000030a27e578 is pointing into the stack for thread: 0x00007f9a0c00a800
R15=0x00007f9a0c00a800 is a thread


Stack: [0x000000030a180000,0x000000030a280000],  sp=0x000000030a27e520,  free space=1017k
Native frames: (J=compiled Java code, j=interpreted, Vv=VM code, C=native code)
j  com.TDDFrameowk.TestNGBasics.TestNGFeatures.loginTest()V+5
v  ~StubRoutines::call_stub
V  [libjvm.dylib+0x2f0d1e]  JavaCalls::call_helper(JavaValue*, methodHandle*, JavaCallArguments*, Thread*)+0x6ae
V  [libjvm.dylib+0x4d7790]  Reflection::invoke(instanceKlassHandle, methodHandle, Handle, bool, objArrayHandle, BasicType, objArrayHandle, bool, Thread*)+0xe12
V  [libjvm.dylib+0x4d7cc4]  Reflection::invoke_method(oopDesc*, Handle, objArrayHandle, Thread*)+0x16c
V  [libjvm.dylib+0x34926c]  JVM_InvokeMethod+0x166
j  sun.reflect.NativeMethodAccessorImpl.invoke0(Ljava/lang/reflect/Method;Ljava/lang/Object;[Ljava/lang/Object;)Ljava/lang/Object;+0
j  sun.reflect.NativeMethodAccessorImpl.invoke(Ljava/lang/Object;[Ljava/lang/Object;)Ljava/lang/Object;+100
j  sun.reflect.DelegatingMethodAccessorImpl.invoke(Ljava/lang/Object;[Ljava/lang/Object;)Ljava/lang/Object;+6
j  java.lang.reflect.Method.invoke(Ljava/lang/Object;[Ljava/lang/Object;)Ljava/lang/Object;+56
j  org.testng.internal.MethodInvocationHelper.invokeMethod(Ljava/lang/reflect/Method;Ljava/lang/Object;[Ljava/lang/Object;)Ljava/lang/Object;+255
j  org.testng.internal.Invoker.invokeMethod(Ljava/lang/Object;Lorg/testng/ITestNGMethod;[Ljava/lang/Object;ILorg/testng/xml/XmlSuite;Ljava/util/Map;Lorg/testng/ITestClass;[Lorg/testng/ITestNGMethod;[Lorg/testng/ITestNGMethod;Lorg/testng/internal/ConfigurationGroupMethods;Lorg/testng/internal/Invoker$FailureContext;)Lorg/testng/ITestResult;+577
j  org.testng.internal.Invoker.invokeTestMethod(Ljava/lang/Object;Lorg/testng/ITestNGMethod;[Ljava/lang/Object;ILorg/testng/xml/XmlSuite;Ljava/util/Map;Lorg/testng/ITestClass;[Lorg/testng/ITestNGMethod;[Lorg/testng/ITestNGMethod;Lorg/testng/internal/ConfigurationGroupMethods;Lorg/testng/internal/Invoker$FailureContext;)Lorg/testng/ITestResult;+29
j  org.testng.internal.Invoker.invokeTestMethods(Lorg/testng/ITestNGMethod;Lorg/testng/xml/XmlSuite;Ljava/util/Map;Lorg/testng/internal/ConfigurationGroupMethods;Ljava/lang/Object;Lorg/testng/ITestContext;)Ljava/util/List;+729
j  org.testng.internal.TestMethodWorker.invokeTestMethods(Lorg/testng/ITestNGMethod;Ljava/lang/Object;Lorg/testng/ITestContext;)V+19
j  org.testng.internal.TestMethodWorker.run()V+63
j  org.testng.TestRunner.privateRun(Lorg/testng/xml/XmlTest;)V+300
j  org.testng.TestRunner.run()V+25
j  org.testng.SuiteRunner.runTest(Lorg/testng/TestRunner;)V+1
j  org.testng.SuiteRunner.runSequentially()V+31
j  org.testng.SuiteRunner.privateRun()V+288
j  org.testng.SuiteRunner.run()V+6
j  org.testng.SuiteRunnerWorker.runSuite(Lorg/testng/internal/SuiteRunnerMap;Lorg/testng/xml/XmlSuite;)V+87
j  org.testng.SuiteRunnerWorker.run()V+12
j  org.testng.TestNG.runSuitesSequentially(Lorg/testng/xml/XmlSuite;Lorg/testng/internal/SuiteRunnerMap;ILjava/lang/String;)V+66
j  org.testng.TestNG.runSuitesLocally()Ljava/util/List;+156
j  org.testng.TestNG.runSuites()Ljava/util/List;+1
j  org.testng.TestNG.run()V+25
j  org.testng.remote.AbstractRemoteTestNG.run()V+149
j  org.testng.remote.RemoteTestNG.initAndRun(Lorg/testng/remote/IRemoteTestNG;[Ljava/lang/String;Lorg/testng/CommandLineArgs;Lorg/testng/remote/RemoteArgs;)V+184
j  org.testng.remote.RemoteTestNG.main([Ljava/lang/String;)V+201
v  ~StubRoutines::call_stub
V  [libjvm.dylib+0x2f0d1e]  JavaCalls::call_helper(JavaValue*, methodHandle*, JavaCallArguments*, Thread*)+0x6ae
V  [libjvm.dylib+0x327cc5]  jni_invoke_static(JNIEnv_*, JavaValue*, _jobject*, JNICallType, _jmethodID*, JNI_ArgumentPusher*, Thread*)+0x1bf
V  [libjvm.dylib+0x320a51]  jni_CallStaticVoidMethod+0x15d
C  [java+0x38c6]  JavaMain+0x9c4
C  [libsystem_pthread.dylib+0x6950]  _pthread_start+0xe0
C  [libsystem_pthread.dylib+0x247b]  thread_start+0xf
C  0x0000000000000000


---------------  P R O C E S S  ---------------

Java Threads: ( => current thread )
  0x00007f9a0cb12800 JavaThread "Keep-Alive-Timer" daemon [_thread_blocked, id=39979, stack(0x000000030b6cb000,0x000000030b7cb000)]
  0x00007f9a0c11b800 JavaThread "ReaderThread" [_thread_in_native, id=24675, stack(0x000000030b5c8000,0x000000030b6c8000)]
  0x00007f9a0c842800 JavaThread "Service Thread" daemon [_thread_blocked, id=41735, stack(0x000000030b3c2000,0x000000030b4c2000)]
  0x00007f9a0c83f800 JavaThread "C1 CompilerThread3" daemon [_thread_blocked, id=42243, stack(0x000000030b2bf000,0x000000030b3bf000)]
  0x00007f9a0c861800 JavaThread "C2 CompilerThread2" daemon [_thread_blocked, id=23299, stack(0x000000030b1bc000,0x000000030b2bc000)]
  0x00007f9a0c02a000 JavaThread "C2 CompilerThread1" daemon [_thread_blocked, id=22787, stack(0x000000030b0b9000,0x000000030b1b9000)]
  0x00007f9a0c861000 JavaThread "C2 CompilerThread0" daemon [_thread_blocked, id=22275, stack(0x000000030afb6000,0x000000030b0b6000)]
  0x00007f9a0c833000 JavaThread "Signal Dispatcher" daemon [_thread_blocked, id=43011, stack(0x000000030aeb3000,0x000000030afb3000)]
  0x00007f9a0c830000 JavaThread "Finalizer" daemon [_thread_blocked, id=18715, stack(0x000000030aca1000,0x000000030ada1000)]
  0x00007f9a0b80f800 JavaThread "Reference Handler" daemon [_thread_blocked, id=13859, stack(0x000000030ab9e000,0x000000030ac9e000)]
=>0x00007f9a0c00a800 JavaThread "main" [_thread_in_Java, id=6403, stack(0x000000030a180000,0x000000030a280000)]

Other Threads:
  0x00007f9a0c82b800 VMThread [stack: 0x000000030aa9b000,0x000000030ab9b000] [id=13571]
  0x00007f9a0c024800 WatcherThread [stack: 0x000000030b4c5000,0x000000030b5c5000] [id=24087]

VM state:not at safepoint (normal execution)

VM Mutex/Monitor currently owned by a thread: None

heap address: 0x0000000740000000, size: 2048 MB, Compressed Oops mode: Zero based, Oop shift amount: 3
Narrow klass base: 0x0000000000000000, Narrow klass shift: 3
Compressed class space size: 1073741824 Address: 0x00000007c0000000

Heap:
 PSYoungGen      total 38400K, used 7043K [0x0000000795580000, 0x000000079a080000, 0x00000007c0000000)
  eden space 33280K, 5% used [0x0000000795580000,0x0000000795767f58,0x0000000797600000)
  from space 5120K, 99% used [0x0000000797600000,0x0000000797af8d60,0x0000000797b00000)
  to   space 5120K, 0% used [0x0000000799b80000,0x0000000799b80000,0x000000079a080000)
 ParOldGen       total 87552K, used 1706K [0x0000000740000000, 0x0000000745580000, 0x0000000795580000)
  object space 87552K, 1% used [0x0000000740000000,0x00000007401aab50,0x0000000745580000)
 Metaspace       used 13204K, capacity 13408K, committed 13696K, reserved 1060864K
  class space    used 1489K, capacity 1582K, committed 1664K, reserved 1048576K

Card table byte_map: [0x00000001206b7000,0x0000000120ab8000] byte_map_base: 0x000000011ccb7000

Marking Bits: (ParMarkBitMap*) 0x00000001100fbe40
 Begin Bits: [0x0000000120d63000, 0x0000000122d63000)
 End Bits:   [0x0000000122d63000, 0x0000000124d63000)

Polling page: 0x000000010b20e000

CodeCache: size=245760Kb used=4709Kb max_used=4709Kb free=241050Kb
 bounds [0x00000001116b7000, 0x0000000111b57000, 0x00000001206b7000]
 total_blobs=1696 nmethods=1316 adapters=294
 compilation: enabled

Compilation events (10 events):
Event: 1.440 Thread 0x00007f9a0c83f800 nmethod 1310 0x0000000111b51050 code [0x0000000111b511a0, 0x0000000111b512b0]
Event: 1.440 Thread 0x00007f9a0c83f800 1312       3       java.io.BufferedWriter::ensureOpen (18 bytes)
Event: 1.440 Thread 0x00007f9a0c83f800 nmethod 1312 0x0000000111b51690 code [0x0000000111b51800, 0x0000000111b51a48]
Event: 1.440 Thread 0x00007f9a0c83f800 1313       3       java.lang.StringBuilder::append (8 bytes)
Event: 1.440 Thread 0x00007f9a0c83f800 nmethod 1313 0x0000000111b51b10 code [0x0000000111b51c80, 0x0000000111b51e08]
Event: 1.443 Thread 0x00007f9a0c83f800 1314  s!   3       java.util.jar.JarFile::ensureInitialization (41 bytes)
Event: 1.443 Thread 0x00007f9a0c83f800 nmethod 1314 0x0000000111b51e90 code [0x0000000111b52020, 0x0000000111b524a8]
Event: 1.443 Thread 0x00007f9a0c83f800 1315       3       sun.misc.URLClassPath$JarLoader$2::getContentLength (9 bytes)
Event: 1.443 Thread 0x00007f9a0c83f800 nmethod 1315 0x0000000111b52610 code [0x0000000111b52780, 0x0000000111b529d0]
Event: 1.443 Thread 0x00007f9a0c83f800 1316   !   3       java.util.jar.JarFile$JarFileEntry::getCodeSigners (78 bytes)

GC Heap History (2 events):
Event: 1.381 GC heap before
{Heap before GC invocations=1 (full 0):
 PSYoungGen      total 38400K, used 33280K [0x0000000795580000, 0x0000000798000000, 0x00000007c0000000)
  eden space 33280K, 100% used [0x0000000795580000,0x0000000797600000,0x0000000797600000)
  from space 5120K, 0% used [0x0000000797b00000,0x0000000797b00000,0x0000000798000000)
  to   space 5120K, 0% used [0x0000000797600000,0x0000000797600000,0x0000000797b00000)
 ParOldGen       total 87552K, used 0K [0x0000000740000000, 0x0000000745580000, 0x0000000795580000)
  object space 87552K, 0% used [0x0000000740000000,0x0000000740000000,0x0000000745580000)
 Metaspace       used 13040K, capacity 13242K, committed 13440K, reserved 1060864K
  class space    used 1463K, capacity 1549K, committed 1664K, reserved 1048576K
Event: 1.402 GC heap after
Heap after GC invocations=1 (full 0):
 PSYoungGen      total 38400K, used 5091K [0x0000000795580000, 0x000000079a080000, 0x00000007c0000000)
  eden space 33280K, 0% used [0x0000000795580000,0x0000000795580000,0x0000000797600000)
  from space 5120K, 99% used [0x0000000797600000,0x0000000797af8d60,0x0000000797b00000)
  to   space 5120K, 0% used [0x0000000799b80000,0x0000000799b80000,0x000000079a080000)
 ParOldGen       total 87552K, used 1706K [0x0000000740000000, 0x0000000745580000, 0x0000000795580000)
  object space 87552K, 1% used [0x0000000740000000,0x00000007401aab50,0x0000000745580000)
 Metaspace       used 13040K, capacity 13242K, committed 13440K, reserved 1060864K
  class space    used 1463K, capacity 1549K, committed 1664K, reserved 1048576K
}

Deoptimization events (10 events):
Event: 0.707 Thread 0x00007f9a0c00a800 Uncommon trap: reason=unstable_if action=reinterpret pc=0x00000001118c9828 method=java.lang.CharacterDataLatin1.digit(II)I @ 82
Event: 0.864 Thread 0x00007f9a0c00a800 Uncommon trap: reason=unstable_if action=reinterpret pc=0x00000001118c381c method=java.lang.CharacterDataLatin1.digit(II)I @ 82
Event: 1.051 Thread 0x00007f9a0c00a800 Uncommon trap: reason=unstable_if action=reinterpret pc=0x0000000111a03e7c method=java.util.Arrays.equals([B[B)Z @ 41
Event: 1.247 Thread 0x00007f9a0c00a800 Uncommon trap: reason=unstable_if action=reinterpret pc=0x0000000111a86e44 method=java.util.regex.Matcher.reset()Ljava/util/regex/Matcher; @ 47
Event: 1.248 Thread 0x00007f9a0c00a800 Uncommon trap: reason=bimorphic action=maybe_recompile pc=0x00000001119eda84 method=java.util.regex.Pattern$BmpCharProperty.match(Ljava/util/regex/Matcher;ILjava/lang/CharSequence;)Z @ 16
Event: 1.248 Thread 0x00007f9a0c00a800 Uncommon trap: reason=bimorphic action=maybe_recompile pc=0x00000001119eda84 method=java.util.regex.Pattern$BmpCharProperty.match(Ljava/util/regex/Matcher;ILjava/lang/CharSequence;)Z @ 16
Event: 1.248 Thread 0x00007f9a0c00a800 Uncommon trap: reason=bimorphic action=maybe_recompile pc=0x00000001119eda84 method=java.util.regex.Pattern$BmpCharProperty.match(Ljava/util/regex/Matcher;ILjava/lang/CharSequence;)Z @ 16
Event: 1.248 Thread 0x00007f9a0c00a800 Uncommon trap: reason=bimorphic action=maybe_recompile pc=0x00000001119eda84 method=java.util.regex.Pattern$BmpCharProperty.match(Ljava/util/regex/Matcher;ILjava/lang/CharSequence;)Z @ 16
Event: 1.351 Thread 0x00007f9a0c00a800 Uncommon trap: reason=unstable_if action=reinterpret pc=0x00000001119ece68 method=java.util.HashMap.hash(Ljava/lang/Object;)I @ 1
Event: 1.360 Thread 0x00007f9a0c00a800 Uncommon trap: reason=range_check action=make_not_entrant pc=0x0000000111b34308 method=sun.reflect.generics.parser.SignatureParser.current()C @ 34

Classes redefined (0 events):
No events

Internal exceptions (10 events):
Event: 0.257 Thread 0x00007f9a0c00a800 Exception <a 'java/lang/ArrayIndexOutOfBoundsException'> (0x0000000795889b00) thrown at [/Users/java_re/workspace/8-2-build-macosx-x86_64/jdk8u202/12323/hotspot/src/share/vm/runtime/sharedRuntime.cpp, line 605]
Event: 0.268 Thread 0x00007f9a0c00a800 Exception <a 'java/security/PrivilegedActionException'> (0x00000007958b3c98) thrown at [/Users/java_re/workspace/8-2-build-macosx-x86_64/jdk8u202/12323/hotspot/src/share/vm/prims/jvm.cpp, line 1502]
Event: 0.268 Thread 0x00007f9a0c00a800 Exception <a 'java/security/PrivilegedActionException'> (0x00000007958b3ea8) thrown at [/Users/java_re/workspace/8-2-build-macosx-x86_64/jdk8u202/12323/hotspot/src/share/vm/prims/jvm.cpp, line 1502]
Event: 0.269 Thread 0x00007f9a0c00a800 Exception <a 'java/security/PrivilegedActionException'> (0x00000007958b8500) thrown at [/Users/java_re/workspace/8-2-build-macosx-x86_64/jdk8u202/12323/hotspot/src/share/vm/prims/jvm.cpp, line 1502]
Event: 0.269 Thread 0x00007f9a0c00a800 Exception <a 'java/security/PrivilegedActionException'> (0x00000007958b8710) thrown at [/Users/java_re/workspace/8-2-build-macosx-x86_64/jdk8u202/12323/hotspot/src/share/vm/prims/jvm.cpp, line 1502]
Event: 0.671 Thread 0x00007f9a0c00a800 Exception <a 'java/lang/NoSuchFieldError': method resolution failed> (0x0000000795fc7f48) thrown at [/Users/java_re/workspace/8-2-build-macosx-x86_64/jdk8u202/12323/hotspot/src/share/vm/prims/methodHandles.cpp, line 1167]
Event: 0.674 Thread 0x00007f9a0c00a800 Exception <a 'java/lang/NoSuchFieldError': method resolution failed> (0x0000000795fd5a08) thrown at [/Users/java_re/workspace/8-2-build-macosx-x86_64/jdk8u202/12323/hotspot/src/share/vm/prims/methodHandles.cpp, line 1167]
Event: 1.351 Thread 0x00007f9a0c00a800 Implicit null exception at 0x00000001119ec898 to 0x00000001119ece4d
Event: 1.360 Thread 0x00007f9a0c00a800 Exception <a 'java/lang/ArrayIndexOutOfBoundsException': 65> (0x00000007974672d0) thrown at [/Users/java_re/workspace/8-2-build-macosx-x86_64/jdk8u202/12323/hotspot/src/share/vm/interpreter/interpreterRuntime.cpp, line 368]
Event: 1.361 Thread 0x00007f9a0c00a800 Exception <a 'java/lang/ArrayIndexOutOfBoundsException': 60> (0x000000079746cf20) thrown at [/Users/java_re/workspace/8-2-build-macosx-x86_64/jdk8u202/12323/hotspot/src/share/vm/interpreter/interpreterRuntime.cpp, line 368]

Events (10 events):
Event: 1.442 loading class org/testng/internal/RuntimeBehavior
Event: 1.442 loading class org/testng/internal/RuntimeBehavior done
Event: 1.443 loading class org/testng/internal/MethodInvocationHelper
Event: 1.443 loading class org/testng/internal/MethodInvocationHelper done
Event: 1.443 loading class org/testng/IConfigureCallBack
Event: 1.443 loading class org/testng/IConfigureCallBack done
Event: 1.443 loading class org/testng/IHookCallBack
Event: 1.443 loading class org/testng/IHookCallBack done
Event: 1.443 loading class org/testng/internal/thread/ThreadTimeoutException
Event: 1.443 loading class org/testng/internal/thread/ThreadTimeoutException done


Dynamic libraries:
0x00007ffdffea2000 	/Library/Apple/usr/libexec/oah/runtime
0x00007fff352a7000 	/System/Library/Frameworks/Cocoa.framework/Versions/A/Cocoa
0x00007fff2214c000 	/System/Library/Frameworks/Security.framework/Versions/A/Security
0x00007fff334a4000 	/System/Library/Frameworks/ApplicationServices.framework/Versions/A/ApplicationServices
0x00007fff2a5f5000 	/usr/lib/libz.1.dylib
0x00007fff2a6c1000 	/usr/lib/libSystem.B.dylib
0x00007fff201fc000 	/usr/lib/libobjc.A.dylib
0x00007fff203dd000 	/System/Library/Frameworks/CoreFoundation.framework/Versions/A/CoreFoundation
0x00007fff210bf000 	/System/Library/Frameworks/Foundation.framework/Versions/C/Foundation
0x00007fff22b73000 	/System/Library/Frameworks/AppKit.framework/Versions/C/AppKit
0x00007fff25a31000 	/System/Library/Frameworks/CoreData.framework/Versions/A/CoreData
0x00007fff238d6000 	/System/Library/PrivateFrameworks/UIFoundation.framework/Versions/A/UIFoundation
0x00007fff2fe83000 	/System/Library/PrivateFrameworks/RemoteViewServices.framework/Versions/A/RemoteViewServices
0x00007fff28c0d000 	/System/Library/PrivateFrameworks/XCTTargetBootstrap.framework/Versions/A/XCTTargetBootstrap
0x00007fff2b95f000 	/usr/lib/libspindump.dylib
0x00007fff23b2b000 	/System/Library/Frameworks/UniformTypeIdentifiers.framework/Versions/A/UniformTypeIdentifiers
0x00007fff273e3000 	/usr/lib/libapp_launch_measurement.dylib
0x00007fff273e6000 	/System/Library/PrivateFrameworks/CoreAutoLayout.framework/Versions/A/CoreAutoLayout
0x00007fff2856f000 	/System/Library/Frameworks/Metal.framework/Versions/A/Metal
0x00007fff29266000 	/usr/lib/liblangid.dylib
0x00007fff28c11000 	/System/Library/PrivateFrameworks/CoreSVG.framework/Versions/A/CoreSVG
0x00007fff24b12000 	/System/Library/PrivateFrameworks/SkyLight.framework/Versions/A/SkyLight
0x00007fff24e79000 	/System/Library/Frameworks/CoreGraphics.framework/Versions/A/CoreGraphics
0x00007fff304da000 	/System/Library/Frameworks/Accelerate.framework/Versions/A/Accelerate
0x00007fff2b39a000 	/System/Library/PrivateFrameworks/IconServices.framework/Versions/A/IconServices
0x00007fff28554000 	/System/Library/Frameworks/IOSurface.framework/Versions/A/IOSurface
0x00007fff263c3000 	/usr/lib/libDiagnosticMessagesClient.dylib
0x00007fff28bf9000 	/System/Library/PrivateFrameworks/DFRFoundation.framework/Versions/A/DFRFoundation
0x00007fff2249e000 	/usr/lib/libicucore.A.dylib
0x00007fff2cea4000 	/System/Library/Frameworks/AudioToolbox.framework/Versions/A/AudioToolbox
0x00007fff2c149000 	/System/Library/PrivateFrameworks/DataDetectorsCore.framework/Versions/A/DataDetectorsCore
0x00007fff288f9000 	/System/Library/Frameworks/Carbon.framework/Versions/A/Frameworks/HIToolbox.framework/Versions/A/HIToolbox
0x00007fff26e3e000 	/System/Library/Frameworks/QuartzCore.framework/Versions/A/QuartzCore
0x00007fff2febf000 	/System/Library/Frameworks/Carbon.framework/Versions/A/Frameworks/SpeechRecognition.framework/Versions/A/SpeechRecognition
0x00007fff2714b000 	/System/Library/PrivateFrameworks/CoreUI.framework/Versions/A/CoreUI
0x00007fff21aa7000 	/System/Library/Frameworks/CoreAudio.framework/Versions/A/CoreAudio
0x00007fff264ae000 	/System/Library/Frameworks/DiskArbitration.framework/Versions/A/DiskArbitration
0x00007fff2bd59000 	/System/Library/PrivateFrameworks/MultitouchSupport.framework/Versions/A/MultitouchSupport
0x00007fff2c140000 	/System/Library/PrivateFrameworks/InternationalSupport.framework/Versions/A/InternationalSupport
0x00007fff24a86000 	/usr/lib/libenergytrace.dylib
0x00007fff22a6c000 	/System/Library/Frameworks/IOKit.framework/Versions/A/IOKit
0x00007fff3020c000 	/System/Library/Frameworks/CoreServices.framework/Versions/A/CoreServices
0x00007fff27379000 	/System/Library/PrivateFrameworks/PerformanceAnalysis.framework/Versions/A/PerformanceAnalysis
0x00007fff6cb81000 	/System/Library/Frameworks/OpenGL.framework/Versions/A/OpenGL
0x00007fff2c1c5000 	/System/Library/PrivateFrameworks/UserActivity.framework/Versions/A/UserActivity
0x00007fff25533000 	/System/Library/Frameworks/ColorSync.framework/Versions/A/ColorSync
0x00007fff28e7d000 	/System/Library/Frameworks/CoreImage.framework/Versions/A/CoreImage
0x00007fff218be000 	/System/Library/Frameworks/CoreText.framework/Versions/A/CoreText
0x00007fff28c3b000 	/System/Library/Frameworks/ImageIO.framework/Versions/A/ImageIO
0x00007fff2a6c7000 	/System/Library/PrivateFrameworks/SoftLinking.framework/Versions/A/SoftLinking
0x00007fff2742f000 	/usr/lib/libxml2.2.dylib
0x00007fff202c2000 	/usr/lib/libc++.1.dylib
0x00007fff2a939000 	/usr/lib/libcompression.dylib
0x00007fff24a87000 	/usr/lib/libMobileGestalt.dylib
0x00007fff2c073000 	/System/Library/PrivateFrameworks/TextureIO.framework/Versions/A/TextureIO
0x00007fff2b027000 	/usr/lib/libate.dylib
0x00007fff2a6bb000 	/usr/lib/system/libcache.dylib
0x00007fff2a677000 	/usr/lib/system/libcommonCrypto.dylib
0x00007fff2a6a1000 	/usr/lib/system/libcompiler_rt.dylib
0x00007fff2a696000 	/usr/lib/system/libcopyfile.dylib
0x00007fff200ea000 	/usr/lib/system/libcorecrypto.dylib
0x00007fff201b7000 	/usr/lib/system/libdispatch.dylib
0x00007fff2036c000 	/usr/lib/system/libdyld.dylib
0x00007fff2a6b2000 	/usr/lib/system/libkeymgr.dylib
0x00007fff2dc56000 	/usr/lib/system/liblaunch.dylib
0x00007fff2a655000 	/usr/lib/system/libmacho.dylib
0x00007fff29e6a000 	/usr/lib/system/libquarantine.dylib
0x00007fff2a6af000 	/usr/lib/system/libremovefile.dylib
0x00007fff24ae3000 	/usr/lib/system/libsystem_asl.dylib
0x00007fff2009a000 	/usr/lib/system/libsystem_blocks.dylib
0x00007fff20239000 	/usr/lib/system/libsystem_c.dylib
0x00007fff2a6a9000 	/usr/lib/system/libsystem_collections.dylib
0x00007fff29257000 	/usr/lib/system/libsystem_configuration.dylib
0x00007fff28543000 	/usr/lib/system/libsystem_containermanager.dylib
0x00007fff2a3ed000 	/usr/lib/system/libsystem_coreservices.dylib
0x00007fff22700000 	/usr/lib/system/libsystem_darwin.dylib
0x00007fff2a6b3000 	/usr/lib/system/libsystem_dnssd.dylib
0x00007fff20236000 	/usr/lib/system/libsystem_featureflags.dylib
0x00007fff203b1000 	/usr/lib/system/libsystem_info.dylib
0x00007fff2a608000 	/usr/lib/system/libsystem_m.dylib
0x00007fff2018a000 	/usr/lib/system/libsystem_malloc.dylib
0x00007fff24a77000 	/usr/lib/system/libsystem_networkextension.dylib
0x00007fff22b1b000 	/usr/lib/system/libsystem_notify.dylib
0x00007fff3010a000 	/usr/lib/system/libsystem_product_info_filter.dylib
0x00007fff2925b000 	/usr/lib/system/libsystem_sandbox.dylib
0x00007fff2a6ac000 	/usr/lib/system/libsystem_secinit.dylib
0x00007fff20331000 	/usr/lib/system/libsystem_kernel.dylib
0x00007fff203a7000 	/usr/lib/system/libsystem_platform.dylib
0x00007fff20360000 	/usr/lib/system/libsystem_pthread.dylib
0x00007fff26211000 	/usr/lib/system/libsystem_symptoms.dylib
0x00007fff200d2000 	/usr/lib/system/libsystem_trace.dylib
0x00007fff2a683000 	/usr/lib/system/libunwind.dylib
0x00007fff2009c000 	/usr/lib/system/libxpc.dylib
0x00007fff20318000 	/usr/lib/libc++abi.dylib
0x00007fff2a68e000 	/usr/lib/liboah.dylib
0x00007fff2ad52000 	/usr/lib/liblzma.5.dylib
0x00007fff20dd3000 	/System/Library/Frameworks/SystemConfiguration.framework/Versions/A/SystemConfiguration
0x00007fff2a6c3000 	/usr/lib/libfakelink.dylib
0x00007fff245d9000 	/System/Library/Frameworks/CFNetwork.framework/Versions/A/CFNetwork
0x00007fff2a803000 	/usr/lib/libarchive.2.dylib
0x00007fff20e51000 	/usr/lib/libCRFSuite.dylib
0x00007fff29e91000 	/usr/lib/libbsm.0.dylib
0x00007fff23f95000 	/usr/lib/libnetwork.dylib
0x00007fff2a6c8000 	/usr/lib/libpcap.A.dylib
0x00007fff2620a000 	/usr/lib/libdns_services.dylib
0x00007fff2ad6b000 	/usr/lib/libcoretls_cfhelpers.dylib
0x00007fff2a907000 	/usr/lib/libapple_nghttp2.dylib
0x00007fff2a65b000 	/usr/lib/system/libkxld.dylib
0x00007fff25e78000 	/usr/lib/libsqlite3.dylib
0x00007fff2a3cf000 	/System/Library/PrivateFrameworks/AppleFSCompression.framework/Versions/A/AppleFSCompression
0x00007fff29e79000 	/usr/lib/libcoretls.dylib
0x00007fff2a934000 	/usr/lib/libpam.2.dylib
0x00007fff2ae68000 	/usr/lib/libxar.1.dylib
0x00007fff29262000 	/System/Library/PrivateFrameworks/AppleSystemInfo.framework/Versions/A/AppleSystemInfo
0x00007fff29abc000 	/System/Library/PrivateFrameworks/IOMobileFramebuffer.framework/Versions/A/IOMobileFramebuffer
0x00007fff2a3df000 	/usr/lib/libbz2.1.0.dylib
0x00007fff2a700000 	/usr/lib/libiconv.2.dylib
0x00007fff2a654000 	/usr/lib/libcharset.1.dylib
0x00007fff273b5000 	/System/Library/Frameworks/CoreServices.framework/Versions/A/Frameworks/FSEvents.framework/Versions/A/FSEvents
0x00007fff2270a000 	/System/Library/Frameworks/CoreServices.framework/Versions/A/Frameworks/CarbonCore.framework/Versions/A/CarbonCore
0x00007fff26413000 	/System/Library/Frameworks/CoreServices.framework/Versions/A/Frameworks/Metadata.framework/Versions/A/Metadata
0x00007fff2a3f2000 	/System/Library/Frameworks/CoreServices.framework/Versions/A/Frameworks/OSServices.framework/Versions/A/OSServices
0x00007fff2a875000 	/System/Library/Frameworks/CoreServices.framework/Versions/A/Frameworks/SearchKit.framework/Versions/A/SearchKit
0x00007fff26194000 	/System/Library/Frameworks/CoreServices.framework/Versions/A/Frameworks/AE.framework/Versions/A/AE
0x00007fff20879000 	/System/Library/Frameworks/CoreServices.framework/Versions/A/Frameworks/LaunchServices.framework/Versions/A/LaunchServices
0x00007fff2ad03000 	/System/Library/Frameworks/CoreServices.framework/Versions/A/Frameworks/DictionaryServices.framework/Versions/A/DictionaryServices
0x00007fff273be000 	/System/Library/Frameworks/CoreServices.framework/Versions/A/Frameworks/SharedFileList.framework/Versions/A/SharedFileList
0x00007fff29e6d000 	/usr/lib/libCheckFix.dylib
0x00007fff24afa000 	/System/Library/PrivateFrameworks/TCC.framework/Versions/A/TCC
0x00007fff29268000 	/System/Library/PrivateFrameworks/CoreNLP.framework/Versions/A/CoreNLP
0x00007fff263c6000 	/System/Library/PrivateFrameworks/MetadataUtilities.framework/Versions/A/MetadataUtilities
0x00007fff20e87000 	/usr/lib/libmecabra.dylib
0x00007fff2a181000 	/System/Library/Frameworks/MLCompute.framework/Versions/A/MLCompute
0x00007fff29ea2000 	/usr/lib/libmecab.dylib
0x00007fff29eec000 	/usr/lib/libgermantok.dylib
0x00007fff2a8dd000 	/usr/lib/libThaiTokenizer.dylib
0x00007fff2aea3000 	/usr/lib/libChineseTokenizer.dylib
0x00007fff2a932000 	/System/Library/Frameworks/MetalPerformanceShaders.framework/Versions/A/MetalPerformanceShaders
0x00007fff264b5000 	/System/Library/Frameworks/Accelerate.framework/Versions/A/Frameworks/vImage.framework/Versions/A/vImage
0x00007fff301e5000 	/System/Library/Frameworks/Accelerate.framework/Versions/A/Frameworks/vecLib.framework/Versions/A/vecLib
0x00007fff2aeae000 	/System/Library/Frameworks/Accelerate.framework/Versions/A/Frameworks/vecLib.framework/Versions/A/libvMisc.dylib
0x00007fff29918000 	/System/Library/Frameworks/Accelerate.framework/Versions/A/Frameworks/vecLib.framework/Versions/A/libvDSP.dylib
0x00007fff20b7d000 	/System/Library/Frameworks/Accelerate.framework/Versions/A/Frameworks/vecLib.framework/Versions/A/libBLAS.dylib
0x00007fff2a958000 	/System/Library/Frameworks/Accelerate.framework/Versions/A/Frameworks/vecLib.framework/Versions/A/libLAPACK.dylib
0x00007fff29ef2000 	/System/Library/Frameworks/Accelerate.framework/Versions/A/Frameworks/vecLib.framework/Versions/A/libLinearAlgebra.dylib
0x00007fff2a91f000 	/System/Library/Frameworks/Accelerate.framework/Versions/A/Frameworks/vecLib.framework/Versions/A/libSparseBLAS.dylib
0x00007fff2a952000 	/System/Library/Frameworks/Accelerate.framework/Versions/A/Frameworks/vecLib.framework/Versions/A/libQuadrature.dylib
0x00007fff29310000 	/System/Library/Frameworks/Accelerate.framework/Versions/A/Frameworks/vecLib.framework/Versions/A/libBNNS.dylib
0x00007fff20d64000 	/System/Library/Frameworks/Accelerate.framework/Versions/A/Frameworks/vecLib.framework/Versions/A/libSparse.dylib
0x00007fff291fb000 	/System/Library/Frameworks/MetalPerformanceShaders.framework/Versions/A/Frameworks/MPSCore.framework/Versions/A/MPSCore
0x00007fff2a33e000 	/System/Library/Frameworks/MetalPerformanceShaders.framework/Versions/A/Frameworks/MPSImage.framework/Versions/A/MPSImage
0x00007fff29f09000 	/System/Library/Frameworks/MetalPerformanceShaders.framework/Versions/A/Frameworks/MPSNeuralNetwork.framework/Versions/A/MPSNeuralNetwork
0x00007fff2a2c9000 	/System/Library/Frameworks/MetalPerformanceShaders.framework/Versions/A/Frameworks/MPSMatrix.framework/Versions/A/MPSMatrix
0x00007fff2a131000 	/System/Library/Frameworks/MetalPerformanceShaders.framework/Versions/A/Frameworks/MPSRayIntersector.framework/Versions/A/MPSRayIntersector
0x00007fff2a300000 	/System/Library/Frameworks/MetalPerformanceShaders.framework/Versions/A/Frameworks/MPSNDArray.framework/Versions/A/MPSNDArray
0x00007fff20aa9000 	/System/Library/PrivateFrameworks/MetalTools.framework/Versions/A/MetalTools
0x00007fff29260000 	/System/Library/PrivateFrameworks/AggregateDictionary.framework/Versions/A/AggregateDictionary
0x00007fff2639e000 	/System/Library/PrivateFrameworks/CoreAnalytics.framework/Versions/A/CoreAnalytics
0x00007fff2a8df000 	/System/Library/PrivateFrameworks/AppleSauce.framework/Versions/A/AppleSauce
0x00007fff28566000 	/System/Library/PrivateFrameworks/IOAccelerator.framework/Versions/A/IOAccelerator
0x00007fff6cb75000 	/System/Library/Frameworks/OpenGL.framework/Versions/A/Libraries/libCoreFSCache.dylib
0x00007fff21423000 	/System/Library/PrivateFrameworks/LanguageModeling.framework/Versions/A/LanguageModeling
0x00007fff29aa9000 	/System/Library/PrivateFrameworks/CoreEmoji.framework/Versions/A/CoreEmoji
0x00007fff29309000 	/System/Library/PrivateFrameworks/LinguisticData.framework/Versions/A/LinguisticData
0x00007fff20d16000 	/System/Library/PrivateFrameworks/Lexicon.framework/Versions/A/Lexicon
0x00007fff2a7f1000 	/usr/lib/libcmph.dylib
0x00007fff27395000 	/System/Library/Frameworks/OpenDirectory.framework/Versions/A/Frameworks/CFOpenDirectory.framework/Versions/A/CFOpenDirectory
0x00007fff27385000 	/System/Library/Frameworks/OpenDirectory.framework/Versions/A/OpenDirectory
0x00007fff2ad6d000 	/System/Library/PrivateFrameworks/APFS.framework/Versions/A/APFS
0x00007fff29dce000 	/System/Library/Frameworks/SecurityFoundation.framework/Versions/A/SecurityFoundation
0x00007fff2ae76000 	/usr/lib/libutil.dylib
0x00007fff22a31000 	/System/Library/PrivateFrameworks/CoreServicesStore.framework/Versions/A/CoreServicesStore
0x00007fff29e65000 	/System/Library/Frameworks/ServiceManagement.framework/Versions/A/ServiceManagement
0x00007fff2ae7a000 	/usr/lib/libxslt.1.dylib
0x00007fff29e5b000 	/System/Library/PrivateFrameworks/BackgroundTaskManagement.framework/Versions/A/BackgroundTaskManagement
0x00007fff2bfbe000 	/System/Library/Frameworks/ImageIO.framework/Versions/A/Resources/libRadiance.dylib
0x00007fff2bfc7000 	/System/Library/Frameworks/ImageIO.framework/Versions/A/Resources/libJPEG.dylib
0x00007fff2bf13000 	/System/Library/Frameworks/ImageIO.framework/Versions/A/Resources/libPng.dylib
0x00007fff2bf3a000 	/System/Library/Frameworks/ImageIO.framework/Versions/A/Resources/libTIFF.dylib
0x00007fff2c01c000 	/System/Library/Frameworks/ImageIO.framework/Versions/A/Resources/libGIF.dylib
0x00007fff2bc77000 	/System/Library/Frameworks/ImageIO.framework/Versions/A/Resources/libJP2.dylib
0x00007fff2b361000 	/usr/lib/libexpat.1.dylib
0x00007fff2bc2c000 	/System/Library/PrivateFrameworks/AppleJPEG.framework/Versions/A/AppleJPEG
0x00007fff2879c000 	/System/Library/PrivateFrameworks/FontServices.framework/libFontParser.dylib
0x00007fff26148000 	/System/Library/PrivateFrameworks/RunningBoardServices.framework/Versions/A/RunningBoardServices
0x00007fff2bd55000 	/System/Library/PrivateFrameworks/WatchdogClient.framework/Versions/A/WatchdogClient
0x00007fff21510000 	/System/Library/Frameworks/CoreDisplay.framework/Versions/A/CoreDisplay
0x00007fff286b2000 	/System/Library/Frameworks/CoreMedia.framework/Versions/A/CoreMedia
0x00007fff27512000 	/System/Library/Frameworks/CoreVideo.framework/Versions/A/CoreVideo
0x00007fff2bd8d000 	/System/Library/Frameworks/VideoToolbox.framework/Versions/A/VideoToolbox
0x00007fff260c6000 	/System/Library/PrivateFrameworks/BaseBoard.framework/Versions/A/BaseBoard
0x00007fff2b4a6000 	/System/Library/PrivateFrameworks/PersistentConnection.framework/Versions/A/PersistentConnection
0x00007fff25e61000 	/System/Library/PrivateFrameworks/ProtocolBuffer.framework/Versions/A/ProtocolBuffer
0x00007fff260ad000 	/System/Library/PrivateFrameworks/CommonUtilities.framework/Versions/A/CommonUtilities
0x00007fff2bbc1000 	/System/Library/PrivateFrameworks/Bom.framework/Versions/A/Bom
0x00007fff2bfb7000 	/System/Library/PrivateFrameworks/GPUWrangler.framework/Versions/A/GPUWrangler
0x00007fff2bf9a000 	/System/Library/PrivateFrameworks/IOPresentment.framework/Versions/A/IOPresentment
0x00007fff2bfc1000 	/System/Library/PrivateFrameworks/DSExternalDisplay.framework/Versions/A/DSExternalDisplay
0x00007fff2c021000 	/System/Library/PrivateFrameworks/CMCaptureCore.framework/Versions/A/CMCaptureCore
0x00007fff2b946000 	/System/Library/PrivateFrameworks/AppServerSupport.framework/Versions/A/AppServerSupport
0x00007fff2d9f5000 	/System/Library/PrivateFrameworks/perfdata.framework/Versions/A/perfdata
0x00007fff29dbd000 	/System/Library/PrivateFrameworks/AssertionServices.framework/Versions/A/AssertionServices
0x00007fff21647000 	/System/Library/PrivateFrameworks/AudioToolboxCore.framework/Versions/A/AudioToolboxCore
0x00007fff28695000 	/System/Library/PrivateFrameworks/caulk.framework/Versions/A/caulk
0x00007fff3d6a0000 	/System/Library/PrivateFrameworks/SystemPolicy.framework/Versions/A/SystemPolicy
0x00007fff2b156000 	/usr/lib/libIOReport.dylib
0x00007fff2d217000 	/usr/lib/libSMC.dylib
0x00007fff2bee0000 	/usr/lib/libAudioToolboxUtility.dylib
0x00007fff3e00a000 	/usr/lib/libmis.dylib
0x00007fff6cbd1000 	/System/Library/Frameworks/OpenGL.framework/Versions/A/Libraries/libGLU.dylib
0x00007fff6cb94000 	/System/Library/Frameworks/OpenGL.framework/Versions/A/Libraries/libGFXShared.dylib
0x00007fff6cda3000 	/System/Library/Frameworks/OpenGL.framework/Versions/A/Libraries/libGL.dylib
0x00007fff6cb9d000 	/System/Library/Frameworks/OpenGL.framework/Versions/A/Libraries/libGLImage.dylib
0x00007fff6cb91000 	/System/Library/Frameworks/OpenGL.framework/Versions/A/Libraries/libCVMSPluginSupport.dylib
0x00007fff6cb7c000 	/System/Library/Frameworks/OpenGL.framework/Versions/A/Libraries/libCoreVMClient.dylib
0x00007fff6e1e4000 	/System/Library/Frameworks/OpenCL.framework/Versions/A/OpenCL
0x00007fff2b4d0000 	/System/Library/PrivateFrameworks/GraphVisualizer.framework/Versions/A/GraphVisualizer
0x00007fff2b4df000 	/System/Library/PrivateFrameworks/FaceCore.framework/Versions/A/FaceCore
0x00007fff2b8fb000 	/System/Library/PrivateFrameworks/OTSVG.framework/Versions/A/OTSVG
0x00007fff27109000 	/System/Library/Frameworks/ApplicationServices.framework/Versions/A/Frameworks/ATS.framework/Versions/A/Resources/libFontRegistry.dylib
0x00007fff2b94d000 	/System/Library/PrivateFrameworks/FontServices.framework/libhvf.dylib
0x00007fff2b30d000 	/System/Library/PrivateFrameworks/AppleVA.framework/Versions/A/AppleVA
0x00007fff2d060000 	/System/Library/Frameworks/ApplicationServices.framework/Versions/A/Frameworks/ATS.framework/Versions/A/ATS
0x00007fff2d372000 	/System/Library/Frameworks/ApplicationServices.framework/Versions/A/Frameworks/ColorSyncLegacy.framework/Versions/A/ColorSyncLegacy
0x00007fff2562a000 	/System/Library/Frameworks/ApplicationServices.framework/Versions/A/Frameworks/HIServices.framework/Versions/A/HIServices
0x00007fff2d357000 	/System/Library/Frameworks/ApplicationServices.framework/Versions/A/Frameworks/LangAnalysis.framework/Versions/A/LangAnalysis
0x00007fff2c02b000 	/System/Library/Frameworks/ApplicationServices.framework/Versions/A/Frameworks/PrintCore.framework/Versions/A/PrintCore
0x00007fff2d37a000 	/System/Library/Frameworks/ApplicationServices.framework/Versions/A/Frameworks/QD.framework/Versions/A/QD
0x00007fff2d050000 	/System/Library/Frameworks/ApplicationServices.framework/Versions/A/Frameworks/SpeechSynthesis.framework/Versions/A/SpeechSynthesis
0x00007fff2bfec000 	/System/Library/Frameworks/ApplicationServices.framework/Versions/A/Frameworks/ATSUI.framework/Versions/A/ATSUI
0x00007fff2d2f7000 	/usr/lib/libcups.2.dylib
0x00007fff2d367000 	/System/Library/PrivateFrameworks/NetAuth.framework/Versions/A/NetAuth
0x00007fff2da11000 	/System/Library/Frameworks/Kerberos.framework/Versions/A/Kerberos
0x00007fff2da21000 	/System/Library/Frameworks/GSS.framework/Versions/A/GSS
0x00007fff2d0cc000 	/usr/lib/libresolv.9.dylib
0x00007fff2b962000 	/System/Library/PrivateFrameworks/Heimdal.framework/Versions/A/Heimdal
0x00007fff337a5000 	/System/Library/Frameworks/Kerberos.framework/Versions/A/Libraries/libHeimdalProxy.dylib
0x00007fff26219000 	/System/Library/Frameworks/Network.framework/Versions/A/Network
0x00007fff2b37b000 	/usr/lib/libheimdal-asn1.dylib
0x00007fff2da71000 	/System/Library/PrivateFrameworks/CommonAuth.framework/Versions/A/CommonAuth
0x00007fff2755f000 	/System/Library/PrivateFrameworks/login.framework/Versions/A/Frameworks/loginsupport.framework/Versions/A/loginsupport
0x00007fff2cfd5000 	/System/Library/PrivateFrameworks/AudioSession.framework/Versions/A/AudioSession
0x00007fff2d03d000 	/usr/lib/libAudioStatistics.dylib
0x00007fff2b408000 	/System/Library/PrivateFrameworks/MediaExperience.framework/Versions/A/MediaExperience
0x00007fff2ce72000 	/System/Library/PrivateFrameworks/AudioSession.framework/libSessionUtility.dylib
0x00007fff2da02000 	/usr/lib/libperfcheck.dylib
0x00007fff2d386000 	/System/Library/PrivateFrameworks/AudioResourceArbitration.framework/Versions/A/AudioResourceArbitration
0x00007fff2b385000 	/System/Library/PrivateFrameworks/IconFoundation.framework/Versions/A/IconFoundation
0x00007fff2feaf000 	/System/Library/PrivateFrameworks/SpeechRecognitionCore.framework/Versions/A/SpeechRecognitionCore
0x000000010f800000 	/Library/Internet Plug-Ins/JavaAppletPlugin.plugin/Contents/Home/lib/server/libjvm.dylib
0x00007fff78abd000 	/usr/lib/libstdc++.6.dylib
0x000000010b179000 	/Library/Internet Plug-Ins/JavaAppletPlugin.plugin/Contents/Home/lib/libverify.dylib
0x000000010b199000 	/Library/Internet Plug-Ins/JavaAppletPlugin.plugin/Contents/Home/lib/libjava.dylib
0x000000010b260000 	/Library/Internet Plug-Ins/JavaAppletPlugin.plugin/Contents/Home/lib/libzip.dylib
0x00000001279fa000 	/Library/Internet Plug-Ins/JavaAppletPlugin.plugin/Contents/Home/lib/libnet.dylib
0x0000000127ab0000 	/Library/Internet Plug-Ins/JavaAppletPlugin.plugin/Contents/Home/lib/libnio.dylib
0x0000000127adb000 	/Library/Internet Plug-Ins/JavaAppletPlugin.plugin/Contents/Home/lib/libsunec.dylib

VM Arguments:
jvm_args: -ea -Dfile.encoding=UTF-8 
java_command: org.testng.remote.RemoteTestNG -serport 51595 -protocol json -d /Users/rashmeharikrishnan/Downloads/Automation/Eclipse/workspace_backup/TDDFramework/test-output /var/folders/lq/ygpmjrtj5cd7ns_4v4hb8_pw0000gn/T/testng-eclipse--1697262961/testng-customsuite.xml
java_class_path (initial): /Users/rashmeharikrishnan/Downloads/Automation/Eclipse/Eclipse.app/Contents/Eclipse/configuration/org.eclipse.osgi/419/0/.cp/lib/testng-remote.jar:/Users/rashmeharikrishnan/Downloads/Automation/Eclipse/workspace_backup/TDDFramework/target/test-classes:/Users/rashmeharikrishnan/Downloads/Automation/Eclipse/workspace_backup/TDDFramework/target/classes:/Users/rashmeharikrishnan/.m2/repository/org/testng/testng/6.14.3/testng-6.14.3.jar:/Users/rashmeharikrishnan/.m2/repository/com/beust/jcommander/1.72/jcommander-1.72.jar:/Users/rashmeharikrishnan/.m2/repository/org/apache-extras/beanshell/bsh/2.0b6/bsh-2.0b6.jar:/Users/rashmeharikrishnan/.m2/repository/org/seleniumhq/selenium/selenium-java/3.141.59/selenium-java-3.141.59.jar:/Users/rashmeharikrishnan/.m2/repository/org/seleniumhq/selenium/selenium-api/3.141.59/selenium-api-3.141.59.jar:/Users/rashmeharikrishnan/.m2/repository/org/seleniumhq/selenium/selenium-chrome-driver/3.141.59/selenium-chrome-driver-3.141.59.jar:/Users/rashmeharikrishnan/.m2/repository/org/seleniumhq/selenium/selenium-edge-driver/3.141.59/selenium-edge-driver-3.141.59.jar:/Users/rashmeharikrishnan/.m2/repository/org/seleniumhq/selenium/selenium-firefox-driver/3.141.59/selenium-firefox-driver-3.141.59.jar:/Users/rashmeharikrishnan/.m2/repository/org/seleniumhq/selenium/selenium-ie-driver/3.141.59/selenium-ie-driver-3.141.59.jar:/Users/rashmeharikrishnan/.m2/repository/org/seleniumhq/selenium/selenium-opera-driver/3.141.59/selenium-opera-driver-3.141.59.jar:/Users/rashmeharikrishnan/.m2/repository/org/seleniumhq/selenium/selenium-remote-driver/3.141.59/selenium-remote-driver-3.141.59.jar:/Users/rashmeharikrishnan/.m2/repository/org/seleniumhq/selenium/selenium-safari-driver/3.141.59/selenium-safari-driver-3.141.59.jar:/Users/rashmeharikrishnan/.m2/repository/org/seleniumhq/selenium/selenium-support/3.141.59/selenium-support-3.141.59.jar:/Users/rashmeharikrishnan/.m2/repository/net/bytebuddy/byte-buddy/1.8.15/byte-buddy-1.8
Launcher Type: SUN_STANDARD

Environment Variables:
PATH=/usr/bin:/bin:/usr/sbin:/sbin
SHELL=/bin/zsh

Signal Handlers:
SIGSEGV: [libjvm.dylib+0x5b719d], sa_mask[0]=11111111111111111111111111111111, sa_flags=SA_ONSTACK|SA_RESTART|SA_SIGINFO
SIGBUS: [libjvm.dylib+0x5b719d], sa_mask[0]=11111111111111111111111111111111, sa_flags=SA_RESTART|SA_SIGINFO
SIGFPE: [libjvm.dylib+0x48c8fc], sa_mask[0]=11111111111111111111111111111111, sa_flags=SA_RESTART|SA_SIGINFO
SIGPIPE: [libjvm.dylib+0x48c8fc], sa_mask[0]=11111111111111111111111111111111, sa_flags=SA_RESTART|SA_SIGINFO
SIGXFSZ: [libjvm.dylib+0x48c8fc], sa_mask[0]=11111111111111111111111111111111, sa_flags=SA_RESTART|SA_SIGINFO
SIGILL: [libjvm.dylib+0x48c8fc], sa_mask[0]=11111111111111111111111111111111, sa_flags=SA_RESTART|SA_SIGINFO
SIGUSR1: SIG_DFL, sa_mask[0]=00000000000000000000000000000000, sa_flags=none
SIGUSR2: [libjvm.dylib+0x48c41a], sa_mask[0]=00100000000000000000000000000000, sa_flags=SA_RESTART|SA_SIGINFO
SIGHUP: [libjvm.dylib+0x48a9a5], sa_mask[0]=11111111111111111111111111111111, sa_flags=SA_RESTART|SA_SIGINFO
SIGINT: [libjvm.dylib+0x48a9a5], sa_mask[0]=11111111111111111111111111111111, sa_flags=SA_RESTART|SA_SIGINFO
SIGTERM: [libjvm.dylib+0x48a9a5], sa_mask[0]=11111111111111111111111111111111, sa_flags=SA_RESTART|SA_SIGINFO
SIGQUIT: [libjvm.dylib+0x48a9a5], sa_mask[0]=11111111111111111111111111111111, sa_flags=SA_RESTART|SA_SIGINFO


---------------  S Y S T E M  ---------------

OS:Bsduname:Darwin 20.3.0 Darwin Kernel Version 20.3.0: Thu Jan 21 00:06:51 PST 2021; root:xnu-7195.81.3~1/RELEASE_ARM64_T8101 x86_64
rlimit: STACK 8176k, CORE 0k, NPROC 1333, NOFILE 10240, AS infinity
load average:1.33 1.42 1.36

CPU:total 8 (initial active 8) (1 cores per cpu, 1 threads per core) family 6 model 44 stepping 0, cmov, cx8, fxsr, mmx, sse, sse2, sse3, ssse3, sse4.1, sse4.2, popcnt, aes, clmul, tsc, tscinvbit, tscinv

Memory: 4k page, physical 8388608k(21008k free)

/proc/meminfo:


vm_info: Java HotSpot(TM) 64-Bit Server VM (25.202-b08) for bsd-amd64 JRE (1.8.0_202-b08), built on Dec 15 2018 20:16:16 by "java_re" with gcc 4.2.1 (Based on Apple Inc. build 5658) (LLVM build 2336.11.00)

time: Mon Jul 25 19:09:08 2022
timezone: IST
elapsed time: 1 seconds (0d 0h 0m 1s)

